Сборка начата 29.05.2015 18:47:51.
     1>Проект "C:\Users\Мария\Desktop\ВМК\2 курс\Программирование\Лабы 4 семестр\Принято\polinom2\polinom2\polinom2.vcxproj" в узле 2 (целевые объекты Build).
     1>ClCompile:
         C:\Program Files (x86)\Microsoft Visual Studio 12.0\VC\bin\CL.exe /c /ZI /nologo /W3 /WX- /sdl /Od /Oy- /D _MBCS /Gm /EHsc /RTC1 /MDd /GS /fp:precise /Zc:wchar_t /Zc:forScope /Fo"Debug\\" /Fd"Debug\vc120.pdb" /Gd /TP /analyze- /errorReport:prompt main.cpp
         main.cpp
     1>c:\users\мария\desktop\вмк\2 курс\программирование\лабы 4 семестр\принято\polinom2\polinom2\circlelist.h(176): warning C4244: аргумент: преобразование "double" в "int", возможна потеря данных
     1>c:\users\мария\desktop\вмк\2 курс\программирование\лабы 4 семестр\принято\polinom2\polinom2\polinom.h(19): warning C4018: <: несоответствие типов со знаком и без знака
     1>c:\users\мария\desktop\вмк\2 курс\программирование\лабы 4 семестр\принято\polinom2\polinom2\polinom.h(47): warning C4018: <: несоответствие типов со знаком и без знака
     1>c:\users\мария\desktop\вмк\2 курс\программирование\лабы 4 семестр\принято\polinom2\polinom2\polinom.h(61): warning C4018: >: несоответствие типов со знаком и без знака
     1>c:\users\мария\desktop\вмк\2 курс\программирование\лабы 4 семестр\принято\polinom2\polinom2\polinom.h(81): warning C4018: >: несоответствие типов со знаком и без знака
     1>c:\users\мария\desktop\вмк\2 курс\программирование\лабы 4 семестр\принято\polinom2\polinom2\polinom.h(107): warning C4018: >: несоответствие типов со знаком и без знака
     1>c:\users\мария\desktop\вмк\2 курс\программирование\лабы 4 семестр\принято\polinom2\polinom2\polinom.h(124): warning C4018: <=: несоответствие типов со знаком и без знака
     1>c:\users\мария\desktop\вмк\2 курс\программирование\лабы 4 семестр\принято\polinom2\polinom2\polinom.h(130): warning C4244: =: преобразование "double" в "int", возможна потеря данных
     1>c:\users\мария\desktop\вмк\2 курс\программирование\лабы 4 семестр\принято\polinom2\polinom2\polinom.h(140): warning C4018: <=: несоответствие типов со знаком и без знака
     1>c:\users\мария\desktop\вмк\2 курс\программирование\лабы 4 семестр\принято\polinom2\polinom2\polinom.h(146): warning C4244: =: преобразование "double" в "int", возможна потеря данных
       Link:
         C:\Program Files (x86)\Microsoft Visual Studio 12.0\VC\bin\link.exe /ERRORREPORT:PROMPT /OUT:"C:\Users\Мария\Desktop\ВМК\2 курс\Программирование\Лабы 4 семестр\Принято\polinom2\Debug\polinom2.exe" /INCREMENTAL /NOLOGO kernel32.lib user32.lib gdi32.lib winspool.lib comdlg32.lib advapi32.lib shell32.lib ole32.lib oleaut32.lib uuid.lib odbc32.lib odbccp32.lib /MANIFEST /MANIFESTUAC:"level='asInvoker' uiAccess='false'" /manifest:embed /DEBUG /PDB:"C:\Users\Мария\Desktop\ВМК\2 курс\Программирование\Лабы 4 семестр\Принято\polinom2\Debug\polinom2.pdb" /TLBID:1 /DYNAMICBASE /NXCOMPAT /IMPLIB:"C:\Users\Мария\Desktop\ВМК\2 курс\Программирование\Лабы 4 семестр\Принято\polinom2\Debug\polinom2.lib" /MACHINE:X86 Debug\main.obj
         polinom2.vcxproj -> C:\Users\Мария\Desktop\ВМК\2 курс\Программирование\Лабы 4 семестр\Принято\polinom2\Debug\polinom2.exe
     1>Сборка проекта "C:\Users\Мария\Desktop\ВМК\2 курс\Программирование\Лабы 4 семестр\Принято\polinom2\polinom2\polinom2.vcxproj" завершена (целевые объекты Build).

Сборка успешно завершена.

Затраченное время: 00:00:05.41
